0 info it worked if it ends with ok
1 verbose cli [ '/usr/local/bin/node', '/usr/local/bin/npm', 'run', 'bundle' ]
2 info using npm@3.9.5
3 info using node@v6.2.2
4 verbose run-script [ 'prebundle', 'bundle', 'postbundle' ]
5 info lifecycle trppr@1.0.0~prebundle: trppr@1.0.0
6 silly lifecycle trppr@1.0.0~prebundle: no script for prebundle, continuing
7 info lifecycle trppr@1.0.0~bundle: trppr@1.0.0
8 verbose lifecycle trppr@1.0.0~bundle: unsafe-perm in lifecycle true
9 verbose lifecycle trppr@1.0.0~bundle: PATH: /usr/local/lib/node_modules/npm/bin/node-gyp-bin:/Users/eugenerow/Desktop/trppr/node_modules/.bin:/usr/local/bin:/usr/local/bin:/usr/bin:/bin:/usr/sbin:/sbin
10 verbose lifecycle trppr@1.0.0~bundle: CWD: /Users/eugenerow/Desktop/trppr
11 silly lifecycle trppr@1.0.0~bundle: Args: [ '-c', 'webpack -w' ]
12 info lifecycle trppr@1.0.0~bundle: Failed to exec bundle script
13 verbose stack Error: trppr@1.0.0 bundle: `webpack -w`
13 verbose stack spawn ENOENT
13 verbose stack     at ChildProcess.<anonymous> (/usr/local/lib/node_modules/npm/lib/utils/spawn.js:17:16)
13 verbose stack     at emitTwo (events.js:106:13)
13 verbose stack     at ChildProcess.emit (events.js:191:7)
13 verbose stack     at maybeClose (internal/child_process.js:852:16)
13 verbose stack     at Process.ChildProcess._handle.onexit (internal/child_process.js:215:5)
14 verbose pkgid trppr@1.0.0
15 verbose cwd /Users/eugenerow/Desktop/trppr
16 error Darwin 15.6.0
17 error argv "/usr/local/bin/node" "/usr/local/bin/npm" "run" "bundle"
18 error node v6.2.2
19 error npm  v3.9.5
20 error file sh
21 error code ELIFECYCLE
22 error errno ENOENT
23 error syscall spawn
24 error trppr@1.0.0 bundle: `webpack -w`
24 error spawn ENOENT
25 error Failed at the trppr@1.0.0 bundle script 'webpack -w'.
25 error Make sure you have the latest version of node.js and npm installed.
25 error If you do, this is most likely a problem with the trppr package,
25 error not with npm itself.
25 error Tell the author that this fails on your system:
25 error     webpack -w
25 error You can get information on how to open an issue for this project with:
25 error     npm bugs trppr
25 error Or if that isn't available, you can get their info via:
25 error     npm owner ls trppr
25 error There is likely additional logging output above.
26 verbose exit [ 1, true ]
